<?xml version="1.0" encoding="UTF-8"?>
<!-- Generated by org.testng.reporters.JUnitReportReporter -->
<testsuite hostname="Tharindus-MBP" failures="0" tests="1" name="com.domain.Question01" time="148.157" errors="0" timestamp="27 Feb. 2018 23:14:32 GMT" skipped="0">
  <testcase classname="com.domain.Question01" name="question01" time="148.157"/>
</testsuite> <!-- com.domain.Question01 -->
